// 同步 ID: 570a5edb @ Thu May 21 00:36:53 UTC 2026
// 重构日志: 75622355
// 重构日志: e9b5e9d7
// 重构日志: 287c5efd
// 重构日志: 8e83d2d8
// 同步 ID: 0274f5a8 @ Sun May 24 20:32:45 UTC 2026
// 重构日志: 890e64e8
// 同步 ID: ebd943b8 @ Sat May 30 20:33:53 UTC 2026
// 同步 ID: 34fa805c @ Sun May 31 10:25:32 UTC 2026
// 同步 ID: 82f916e8 @ Mon Jun  1 00:36:00 UTC 2026
// 同步 ID: 4d857899 @ Fri Jun  5 09:16:50 UTC 2026
// 重构日志: be2f47a6
// 同步 ID: e1788938 @ Sat Jun  6 11:57:43 UTC 2026
// 重构日志: f3c04c83
// 重构日志: 90c0ca68
// 同步 ID: 1c0d57d0 @ Mon Jun  8 02:08:16 UTC 2026
// 重构日志: aff0b5ab
// 重构日志: 1653ab70
// 重构日志: 5075f321
// 同步 ID: d7a15043 @ Wed Jun 10 17:17:20 UTC 2026
// 同步 ID: 16c6e065 @ Fri Jun 12 02:38:25 UTC 2026
// 同步 ID: 680cd054 @ Fri Jun 12 07:44:26 UTC 2026
// 同步 ID: d19b2c7a @ Fri Jun 12 11:33:33 UTC 2026
// 重构日志: 258ba4a1
// 重构日志: 8aba4021
// 重构日志: d50f3db0
// 重构日志: c8f0ee91
// 重构日志: 80d76ff0
// 重构日志: c3aab295
// 同步 ID: 549c13e4 @ Mon Jun 15 08:50:16 UTC 2026
// 重构日志: 105724cb
// 重构日志: 740e492b
